C51 COMPILER V9.54   ADC                                                                   09/18/2016 22:39:26 PAGE 1   


C51 COMPILER V9.54, COMPILATION OF MODULE ADC
OBJECT MODULE PLACED IN .\Objects\Adc.obj
COMPILER INVOKED BY: C:\Keil_v5\C51\BIN\C51.EXE ..\..\Common\Adc.c OPTIMIZE(8,SPEED) BROWSE INCDIR(..\..\Include) DEFINE
                    -(FOSC_221184) DEBUG OBJECTEXTEND PRINT(.\Listings\Adc.lst) TABS(2) OBJECT(.\Objects\Adc.obj)

line level    source

   1          /*--------------------------------------------------------------------------------------------------------
             --*/
   2          /*                                                                                                        
             - */
   3          /* Copyright(c) 2015 Nuvoton Technology Corp. All rights reserved.                                        
             - */
   4          /*                                                                                                        
             - */
   5          /*--------------------------------------------------------------------------------------------------------
             --*/
   6          
   7          //********************************************************************************************************
             -***
   8          //  Nuvoton Technoledge Corp. 
   9          //  Website: http://www.nuvoton.com
  10          //  E-Mail : MicroC-8bit@nuvoton.com
  11          //  Date   : Apr/21/2015
  12          //********************************************************************************************************
             -***
  13          
  14          //********************************************************************************************************
             -***
  15          //  File Function: N76E885 ADC demo code
  16          //********************************************************************************************************
             -***
  17          
  18          #include <stdio.h>
  19          #include "Common.h"
  20          
  21          /*
  22          //-------- <<< Use Configuration Wizard in Context Menu >>> ------------------
  23          //
  24          //<e0> System Clock Source Configuration
  25          // <o1> System Clock Source Selection
  26          //      <0=> 2~25MHz    XTAL
  27          //      <1=> 32.768KHz  XTAL
  28          //      <2=> 22.1184MHz Internal
  29          //      <3=> 10KHz      Internal
  30          //      <4=> OSC-In     External
  31          //</e>
  32          //
  33          //<e2> Clock Divider Configuration
  34          //     <o3.0..7>  System Clock Source Devider <1-255:1>
  35          //                     <i> Fsys = (System Clock Source) / (2 * Devider)
  36          //</e>
  37          //
  38          //<h> ADC Option
  39          // <o6> ADC VREFSEL Selection 
  40          //      <0=> VDD <1=> VREF(AIN0)
  41          //
  42          // <o4.0..3> ADC Pin Selection 
  43          //      <0=> AIN0 (P00) <1=> AIN1 (P01) <2=> AIN2 (P02) <3=> AIN3 (P03)
  44          //      <4=> AIN4 (P04) <5=> AIN5 (P05) <6=> AIN6 (P06) <7=> AIN7 (P07)
  45          //      <8=> AIN8 (P26) <9=> AIN9 (P20) <10=> Band-Gap
C51 COMPILER V9.54   ADC                                                                   09/18/2016 22:39:26 PAGE 2   

  46          //
  47          // <o5.0..2> ADC Divider Selection 
  48          //      <0=> Fsys/1  <1=> Fsys/2   <2=> Fsys/4   <3=> Fsys/8
  49          //      <4=> Fsys/16 <5=> Fsys/32  <6=> Fsys/64  <7=> Fsys/128
  50          //
  51          //</h>
  52          //
  53          //-------- <<< end of configuration section >>> ------------------------------
  54          */
  55          
  56          /******************************************************************************
  57           * FUNCTION_PURPOSE: ADC Vref Selection
  58           ******************************************************************************/
  59          void ADC_Vref_Select (UINT8 u8AdcVrefSel)
  60          {
  61   1          if(u8AdcVrefSel == 0)
  62   1          {
  63   2              clr_VREFSEL;                      //VREFSEL = VDD
  64   2          }
  65   1          else if(u8AdcVrefSel == 1)
  66   1          {
  67   2              set_VREFSEL;                      //VREFSEL = VREF(AIN0)
  68   2          }
  69   1      }
  70          /******************************************************************************
  71           * FUNCTION_PURPOSE: ADC Pin Select
  72           ******************************************************************************/
  73          void ADC_Pin_Select (UINT8 u8AdcPinSel)
  74          {
  75   1          switch(u8AdcPinSel)
  76   1          {
  77   2              case ADC_PIN0:                      //P0.0
  78   2              {
  79   3                ADCCON0 = 0x00;                   //select ADC pin
  80   3                set_P0M1_0;                       //set ADC pin is input only mode
  81   3                clr_P0M2_0;
  82   3                set_P00DIDS;                      //disable digital connection
  83   3              }
  84   2              break;
  85   2            
  86   2              case ADC_PIN1:                      //P0.1
  87   2              {
  88   3                ADCCON0 = 0x01;                   //select ADC pin
  89   3                set_P0M1_1;                       //set ADC pin is input only mode
  90   3                clr_P0M2_1;
  91   3                set_P01DIDS;                      //disable digital connection
  92   3              }
  93   2              break;
  94   2            
  95   2              case ADC_PIN2:                      //P0.2
  96   2              {
  97   3                ADCCON0 = 0x02;                   //select ADC pin
  98   3                set_P0M1_2;                       //set ADC pin is input only mode
  99   3                clr_P0M2_2;
 100   3                set_P02DIDS;                      //disable digital connection
 101   3              }
 102   2              break;
 103   2            
 104   2              case ADC_PIN3:                      //P0.3
 105   2              {
 106   3                ADCCON0 = 0x03;                   //select ADC pin
 107   3                set_P0M1_3;                       //set ADC pin is input only mode
C51 COMPILER V9.54   ADC                                                                   09/18/2016 22:39:26 PAGE 3   

 108   3                clr_P0M2_3;
 109   3                set_P03DIDS;                      //disable digital connection
 110   3              }
 111   2              break;
 112   2            
 113   2              case ADC_PIN4:                      //P0.4
 114   2              {
 115   3                ADCCON0 = 0x04;                   //select ADC pin
 116   3                set_P0M1_4;                       //set ADC pin is input only mode
 117   3                clr_P0M2_4;
 118   3                set_P04DIDS;                      //disable digital connection
 119   3              }
 120   2              break;
 121   2            
 122   2              case ADC_PIN5:                      //P0.5
 123   2              {
 124   3                ADCCON0 = 0x05;                   //select ADC pin
 125   3                set_P0M1_5;                       //set ADC pin is input only mode
 126   3                clr_P0M2_5;
 127   3                set_P05DIDS;                      //disable digital connection
 128   3              }
 129   2              break;
 130   2            
 131   2              case ADC_PIN6:                      //P0.6
 132   2              {
 133   3                ADCCON0 = 0x06;                   //select ADC pin
 134   3                set_P0M1_6;                       //set ADC pin is input only mode
 135   3                clr_P0M2_6;
 136   3                set_P06DIDS;                      //disable digital connection
 137   3              }
 138   2              break;
 139   2            
 140   2              case ADC_PIN7:                      //P0.7
 141   2              {
 142   3                ADCCON0 = 0x07;                   //select ADC pin
 143   3                set_P0M1_7;                       //set ADC pin is input only mode
 144   3                clr_P0M2_7;
 145   3                set_P07DIDS;                      //disable digital connection
 146   3              }
 147   2              break;
 148   2            
 149   2              case ADC_PIN8:                      //P2.6
 150   2              {
 151   3                ADCCON0 = 0x08;                   //select ADC pin
 152   3                set_P2M1_6;                       //set ADC pin is input only mode
 153   3                clr_P2M2_6;
 154   3                set_P26DIDS;                      //disable digital connection
 155   3              }
 156   2              break;
 157   2            
 158   2              case ADC_PIN9:                      //P2.0
 159   2              {
 160   3                ADCCON0 = 0x09;                   //select ADC pin
 161   3                set_P2M1_0;                       //set ADC pin is input only mode
 162   3                clr_P2M2_0;
 163   3                set_P20DIDS;                      //disable digital connection
 164   3              }
 165   2              break;
 166   2      
 167   2              default:
 168   2                ADCCON0 |= 0x0F;                  //band-gap 1.25V
 169   2              break;
C51 COMPILER V9.54   ADC                                                                   09/18/2016 22:39:26 PAGE 4   

 170   2          }
 171   1      }
 172          /******************************************************************************
 173           * FUNCTION_PURPOSE: ADC Clock Divider Select
 174           ******************************************************************************/
 175          void ADC_DIV_Select (UINT8 u8Adc_Div_Sel)
 176          {
 177   1          switch(u8Adc_Div_Sel)
 178   1          {
 179   2              case ADC_DIV0:
 180   2            {
 181   3                clr_ADCDIV2;
 182   3                clr_ADCDIV1;
 183   3                clr_ADCDIV0;
 184   3              }
 185   2            break;
 186   2            
 187   2            case ADC_DIV1:
 188   2            {
 189   3                clr_ADCDIV2;
 190   3                clr_ADCDIV1;
 191   3                set_ADCDIV0;
 192   3            }
 193   2            break;
 194   2            
 195   2            case ADC_DIV2:      //Default
 196   2            {
 197   3                clr_ADCDIV2;
 198   3                set_ADCDIV1;
 199   3                clr_ADCDIV0;
 200   3            }
 201   2            break;
 202   2            
 203   2              case ADC_DIV3:
 204   2            {
 205   3                clr_ADCDIV2;
 206   3                set_ADCDIV1;
 207   3                set_ADCDIV0;
 208   3              }
 209   2            break;
 210   2            
 211   2              case ADC_DIV4:
 212   2            {
 213   3                clr_ADCDIV2;
 214   3                clr_ADCDIV1;
 215   3                set_ADCDIV0;
 216   3            }
 217   2            break;
 218   2            
 219   2              case ADC_DIV5:
 220   2            {
 221   3                set_ADCDIV2;
 222   3                clr_ADCDIV1;
 223   3                clr_ADCDIV0;
 224   3              }
 225   2              break;
 226   2            
 227   2            case ADC_DIV6:
 228   2            {
 229   3                set_ADCDIV2;
 230   3                clr_ADCDIV1;
 231   3                set_ADCDIV0;
C51 COMPILER V9.54   ADC                                                                   09/18/2016 22:39:26 PAGE 5   

 232   3            }
 233   2            break;
 234   2            
 235   2            case ADC_DIV7:
 236   2            {
 237   3                set_ADCDIV2;
 238   3                set_ADCDIV1;
 239   3                clr_ADCDIV0;
 240   3            }
 241   2            break;
 242   2            
 243   2              case ADC_DIV8:
 244   2            {
 245   3                set_ADCDIV2;
 246   3                set_ADCDIV1;
 247   3                set_ADCDIV0;
 248   3              }
 249   2            break;
 250   2      
 251   2            default:
 252   2            break;
 253   2          }
 254   1      }
 255          
 256          /******************************************************************************
 257           * FUNCTION_PURPOSE: ADC Initial
 258           ******************************************************************************/
 259          void ADC_Initial (UINT8 u8AdcVrefSel, UINT8 u8AdcPinSel, UINT8 u8Adc_Div_Sel)
 260          {
 261   1          set_ADCEN;
 262   1          ADC_Vref_Select(u8AdcVrefSel);                         //Select ADC Vref
 263   1          ADC_Pin_Select(u8AdcPinSel);                           //Select ADC Pin
 264   1          ADC_DIV_Select(u8Adc_Div_Sel);                         //Set ADC Clock Divider
 265   1      }
 266          


MODULE INFORMATION:   STATIC OVERLAYABLE
   CODE SIZE        =    314    ----
   CONSTANT SIZE    =   ----    ----
   XDATA SIZE       =   ----    ----
   PDATA SIZE       =   ----    ----
   DATA SIZE        =   ----    ----
   IDATA SIZE       =   ----    ----
   BIT SIZE         =   ----    ----
END OF MODULE INFORMATION.


C51 COMPILATION COMPLETE.  0 WARNING(S),  0 ERROR(S)
